<?xml version="1.0" encoding="UTF-8" ?>
<testsuite failures="0" time="88.636" errors="0" skipped="0" tests="8" name="TestSuite">
  <properties>
    <property name="java.runtime.name" value="Java(TM) SE Runtime Environment"/>
    <property name="sun.boot.library.path" value="C:\Program Files\Java\jdk1.7.0_45\jre\bin"/>
    <property name="java.vm.version" value="24.45-b08"/>
    <property name="java.vm.vendor" value="Oracle Corporation"/>
    <property name="java.vendor.url" value="http://java.oracle.com/"/>
    <property name="path.separator" value=";"/>
    <property name="java.vm.name" value="Java HotSpot(TM) 64-Bit Server VM"/>
    <property name="file.encoding.pkg" value="sun.io"/>
    <property name="user.script" value=""/>
    <property name="user.country" value="US"/>
    <property name="sun.java.launcher" value="SUN_STANDARD"/>
    <property name="sun.os.patch.level" value="Service Pack 1"/>
    <property name="java.vm.specification.name" value="Java Virtual Machine Specification"/>
    <property name="user.dir" value="C:\Users\rekhasu\workspace\CeilometerTestAutomationSuite"/>
    <property name="java.runtime.version" value="1.7.0_45-b18"/>
    <property name="java.awt.graphicsenv" value="sun.awt.Win32GraphicsEnvironment"/>
    <property name="basedir" value="C:\Users\rekhasu\workspace\CeilometerTestAutomationSuite"/>
    <property name="java.endorsed.dirs" value="C:\Program Files\Java\jdk1.7.0_45\jre\lib\endorsed"/>
    <property name="os.arch" value="amd64"/>
    <property name="surefire.real.class.path" value="C:\Users\rekhasu\workspace\CeilometerTestAutomationSuite\target\surefire\surefirebooter6464898532204225426.jar"/>
    <property name="java.io.tmpdir" value="C:\Users\rekhasu\AppData\Local\Temp\"/>
    <property name="line.separator" value="
"/>
    <property name="java.vm.specification.vendor" value="Oracle Corporation"/>
    <property name="user.variant" value=""/>
    <property name="os.name" value="Windows 7"/>
    <property name="sun.jnu.encoding" value="Cp1252"/>
    <property name="java.library.path" value="C:\Program Files\Java\jdk1.7.0_45\jre\bin;C:\Windows\Sun\Java\bin;C:\Windows\system32;C:\Windows;C:\Program Files\RA2HP\;C:\Windows\system32;C:\Windows;C:\Windows\System32\Wbem;C:\Windows\System32\WindowsPowerShell\v1.0\;C:\Program Files\ActivIdentity\ActivClient\;C:\Program Files (x86)\ActivIdentity\ActivClient\;C:\Python27;C:\Program Files\Java\jdk1.7.0_45\bin;C:\Program Files (x86)\OpenSSH\bin;C:\Maven\apache-maven-3.2.1\bin;."/>
    <property name="surefire.test.class.path" value="C:\Users\rekhasu\workspace\CeilometerTestAutomationSuite\target\test-classes;C:\Users\rekhasu\workspace\CeilometerTestAutomationSuite\target\classes;C:\Users\rekhasu\.m2\repository\org\testng\testng\6.8.7\testng-6.8.7.jar;C:\Users\rekhasu\.m2\repository\org\beanshell\bsh\2.0b4\bsh-2.0b4.jar;C:\Users\rekhasu\.m2\repository\com\beust\jcommander\1.27\jcommander-1.27.jar;C:\Users\rekhasu\.m2\repository\org\yaml\snakeyaml\1.12\snakeyaml-1.12.jar;C:\Users\rekhasu\.m2\repository\com\googlecode\json-simple\json-simple\1.1.1\json-simple-1.1.1.jar;C:\Users\rekhasu\.m2\repository\com\sun\jersey\jersey-client\1.18.1\jersey-client-1.18.1.jar;C:\Users\rekhasu\.m2\repository\com\sun\jersey\jersey-core\1.18.1\jersey-core-1.18.1.jar;C:\Users\rekhasu\.m2\repository\junit\junit\3.8.1\junit-3.8.1.jar;"/>
    <property name="java.specification.name" value="Java Platform API Specification"/>
    <property name="java.class.version" value="51.0"/>
    <property name="sun.management.compiler" value="HotSpot 64-Bit Tiered Compilers"/>
    <property name="os.version" value="6.1"/>
    <property name="user.home" value="C:\Users\rekhasu"/>
    <property name="user.timezone" value="Asia/Calcutta"/>
    <property name="java.awt.printerjob" value="sun.awt.windows.WPrinterJob"/>
    <property name="java.specification.version" value="1.7"/>
    <property name="file.encoding" value="Cp1252"/>
    <property name="user.name" value="rekhasu"/>
    <property name="java.class.path" value="C:\Users\rekhasu\workspace\CeilometerTestAutomationSuite\target\test-classes;C:\Users\rekhasu\workspace\CeilometerTestAutomationSuite\target\classes;C:\Users\rekhasu\.m2\repository\org\testng\testng\6.8.7\testng-6.8.7.jar;C:\Users\rekhasu\.m2\repository\org\beanshell\bsh\2.0b4\bsh-2.0b4.jar;C:\Users\rekhasu\.m2\repository\com\beust\jcommander\1.27\jcommander-1.27.jar;C:\Users\rekhasu\.m2\repository\org\yaml\snakeyaml\1.12\snakeyaml-1.12.jar;C:\Users\rekhasu\.m2\repository\com\googlecode\json-simple\json-simple\1.1.1\json-simple-1.1.1.jar;C:\Users\rekhasu\.m2\repository\com\sun\jersey\jersey-client\1.18.1\jersey-client-1.18.1.jar;C:\Users\rekhasu\.m2\repository\com\sun\jersey\jersey-core\1.18.1\jersey-core-1.18.1.jar;C:\Users\rekhasu\.m2\repository\junit\junit\3.8.1\junit-3.8.1.jar;"/>
    <property name="java.vm.specification.version" value="1.7"/>
    <property name="sun.arch.data.model" value="64"/>
    <property name="java.home" value="C:\Program Files\Java\jdk1.7.0_45\jre"/>
    <property name="sun.java.command" value="C:\Users\rekhasu\workspace\CeilometerTestAutomationSuite\target\surefire\surefirebooter6464898532204225426.jar C:\Users\rekhasu\workspace\CeilometerTestAutomationSuite\target\surefire\surefire1019947852730959548tmp C:\Users\rekhasu\workspace\CeilometerTestAutomationSuite\target\surefire\surefire2648663982902764594tmp"/>
    <property name="java.specification.vendor" value="Oracle Corporation"/>
    <property name="user.language" value="en"/>
    <property name="awt.toolkit" value="sun.awt.windows.WToolkit"/>
    <property name="java.vm.info" value="mixed mode"/>
    <property name="java.version" value="1.7.0_45"/>
    <property name="java.ext.dirs" value="C:\Program Files\Java\jdk1.7.0_45\jre\lib\ext;C:\Windows\Sun\Java\lib\ext"/>
    <property name="sun.boot.class.path" value="C:\Program Files\Java\jdk1.7.0_45\jre\lib\resources.jar;C:\Program Files\Java\jdk1.7.0_45\jre\lib\rt.jar;C:\Program Files\Java\jdk1.7.0_45\jre\lib\sunrsasign.jar;C:\Program Files\Java\jdk1.7.0_45\jre\lib\jsse.jar;C:\Program Files\Java\jdk1.7.0_45\jre\lib\jce.jar;C:\Program Files\Java\jdk1.7.0_45\jre\lib\charsets.jar;C:\Program Files\Java\jdk1.7.0_45\jre\lib\jfr.jar;C:\Program Files\Java\jdk1.7.0_45\jre\classes"/>
    <property name="java.vendor" value="Oracle Corporation"/>
    <property name="localRepository" value="C:\Users\rekhasu\.m2\repository"/>
    <property name="file.separator" value="\"/>
    <property name="java.vendor.url.bug" value="http://bugreport.sun.com/bugreport/"/>
    <property name="sun.cpu.endian" value="little"/>
    <property name="sun.io.unicode.encoding" value="UnicodeLittle"/>
    <property name="sun.desktop" value="windows"/>
    <property name="sun.cpu.isalist" value="amd64"/>
  </properties>
  <testcase time="5.01" classname="org.ceilometer.CeilometerTestAutomationSuite.MeterListFilterWithFields" name="meterListResponseJSONObjectsExist"/>
  <testcase time="1.798" classname="org.ceilometer.CeilometerTestAutomationSuite.MeterListFilterWithFields" name="validateMeterListResponseJSONFields"/>
  <testcase time="20.599" classname="org.ceilometer.CeilometerTestAutomationSuite.MeterListFilterWithFields" name="verifyMeterListFilterWithMeterIdAllJSONFieldsExist"/>
  <testcase time="32.055" classname="org.ceilometer.CeilometerTestAutomationSuite.MeterListFilterWithFields" name="verifyMeterListFilterWithMeterIdResponseCode"/>
  <testcase time="1.762" classname="org.ceilometer.CeilometerTestAutomationSuite.MeterListTest1" name="invalidTokenGetMetersResponseCode"/>
  <testcase time="5.245" classname="org.ceilometer.CeilometerTestAutomationSuite.MeterListTest1" name="verifyGetMetersResponseCode"/>
  <testcase time="3.135" classname="org.ceilometer.CeilometerTestAutomationSuite.MeterListValidatorTest" name="meterListResponseJSONObjectsExist"/>
  <testcase time="2.071" classname="org.ceilometer.CeilometerTestAutomationSuite.MeterListValidatorTest" name="validateMeterListResponseJSONFields"/>
</testsuite>