<?xml version="1.0" encoding="UTF-8"?>
<!-- Generated by org.testng.reporters.JUnitReportReporter -->
<testsuite hostname="REKHASU1" name="org.ceilometer.CeilometerTestAutomationSuite.MeterListFilterWithFields" tests="4" failures="0" timestamp="13 Jun 2014 10:35:39 GMT" time="55.280" errors="0">
  <testcase name="verifyMeterListFilterWithMeterIdAllJSONFieldsExist" time="20.133" classname="org.ceilometer.CeilometerTestAutomationSuite.MeterListFilterWithFields"/>
  <testcase name="validateMeterListResponseJSONFields" time="1.772" classname="org.ceilometer.CeilometerTestAutomationSuite.MeterListFilterWithFields"/>
  <testcase name="verifyMeterListFilterWithMeterIdResponseCode" time="29.715" classname="org.ceilometer.CeilometerTestAutomationSuite.MeterListFilterWithFields"/>
  <testcase name="meterListResponseJSONObjectsExist" time="3.660" classname="org.ceilometer.CeilometerTestAutomationSuite.MeterListFilterWithFields"/>
</testsuite> <!-- org.ceilometer.CeilometerTestAutomationSuite.MeterListFilterWithFields -->
