<?xml version="1.0" encoding="UTF-8"?>
<!-- Generated by org.testng.reporters.JUnitReportReporter -->
<testsuite hostname="REKHASU1" name="org.ceilometer.CeilometerTestAutomationSuite.MeterListFilterWithFields" tests="4" failures="0" timestamp="13 Jun 2014 11:53:28 GMT" time="59.463" errors="0">
  <testcase name="meterListResponseJSONObjectsExist" time="5.011" classname="org.ceilometer.CeilometerTestAutomationSuite.MeterListFilterWithFields"/>
  <testcase name="verifyMeterListFilterWithMeterIdAllJSONFieldsExist" time="20.599" classname="org.ceilometer.CeilometerTestAutomationSuite.MeterListFilterWithFields"/>
  <testcase name="verifyMeterListFilterWithMeterIdResponseCode" time="32.055" classname="org.ceilometer.CeilometerTestAutomationSuite.MeterListFilterWithFields"/>
  <testcase name="validateMeterListResponseJSONFields" time="1.798" classname="org.ceilometer.CeilometerTestAutomationSuite.MeterListFilterWithFields"/>
</testsuite> <!-- org.ceilometer.CeilometerTestAutomationSuite.MeterListFilterWithFields -->
