<?xml version="1.0" encoding="UTF-8"?>
<!-- Generated by org.testng.reporters.JUnitReportReporter -->
<testsuite hostname="REKHASU1" name="org.ceilometer.CeilometerTestAutomationSuite.MeterListTest1" tests="2" failures="0" timestamp="13 Jun 2014 11:53:28 GMT" time="7.007" errors="0">
  <testcase name="verifyGetMetersResponseCode" time="5.245" classname="org.ceilometer.CeilometerTestAutomationSuite.MeterListTest1"/>
  <testcase name="invalidTokenGetMetersResponseCode" time="1.762" classname="org.ceilometer.CeilometerTestAutomationSuite.MeterListTest1"/>
</testsuite> <!-- org.ceilometer.CeilometerTestAutomationSuite.MeterListTest1 -->
